<?xml version="1.0" encoding="UTF-8"?>
<!-- Generated by org.testng.reporters.JUnitXMLReporter -->
<testsuite hostname="DESKTOP-I3O6NU7" ignored="0" tests="4" failures="0" timestamp="14 May 2019 04:00:05 GMT" time="0.233" errors="0">
  <testcase name="loginWithInvalidcredentials" time="0.047" classname="prioritization"/>
  <testcase name="loginWithvalidcredentials" time="0.0" classname="prioritization"/>
  <testcase name="browserLaunch" time="0.0" classname="prioritization"/>
  <testcase name="applicationLaunch" time="0.0" classname="prioritization"/>
</testsuite>
