<?xml version="1.0" encoding="UTF-8"?>
<!-- Generated by org.testng.reporters.JUnitXMLReporter -->
<testsuite hostname="DESKTOP-I3O6NU7" ignored="0" tests="6" failures="0" timestamp="14 May 2019 04:03:36 GMT" time="29.808" errors="0">
  <testcase name="loginWithInvalidcredentials" time="0.031" classname="prioritization"/>
  <testcase name="loginWithvalidcredentials" time="0.0" classname="prioritization"/>
  <testcase name="launch_browser" time="10.288" classname="Logintestcase"/>
  <testcase name="browserLaunch" time="0.004" classname="prioritization"/>
  <testcase name="launch_app" time="19.385" classname="Logintestcase"/>
  <testcase name="applicationLaunch" time="0.004" classname="prioritization"/>
</testsuite>
