<?xml version="1.0" encoding="UTF-8"?>
<!-- Generated by org.testng.reporters.JUnitXMLReporter -->
<testsuite hostname="DESKTOP-I3O6NU7" ignored="0" tests="6" failures="0" timestamp="29 May 2019 04:45:45 GMT" time="19.472" errors="0">
  <testcase name="loginWithInvalidcredentials" time="0.003" classname="prioritization"/>
  <testcase name="loginWithvalidcredentials" time="0.001" classname="prioritization"/>
  <testcase name="launch_browser" time="12.713" classname="Logintestcase"/>
  <testcase name="browserLaunch" time="0.002" classname="prioritization"/>
  <testcase name="launch_app" time="6.656" classname="Logintestcase"/>
  <testcase name="applicationLaunch" time="0.001" classname="prioritization"/>
</testsuite>
