<?xml version="1.0" encoding="UTF-8"?>
<testsuite xmlns:xsi="http://www.w3.org/2001/XMLSchema-instance" xsi:noNamespaceSchemaLocation="https://maven.apache.org/surefire/maven-surefire-plugin/xsd/surefire-test-report-3.0.xsd" version="3.0" name="TestSuite" time="23.616" tests="6" errors="0" skipped="0" failures="0">
  <properties>
[...]
</properties>
  <testcase name="loginWithInvalidcredentials" classname="prioritization" time="0.005"/>
  <testcase name="loginWithvalidcredentials" classname="prioritization" time="0"/>
  <testcase name="launch_browser" classname="Logintestcase" time="12.712"/>
  <testcase name="browserLaunch" classname="prioritization" time="0.002"/>
  <testcase name="launch_app" classname="Logintestcase" time="6.659"/>
  <testcase name="applicationLaunch" classname="prioritization" time="0"/>
</testsuite>