<?xml version="1.0" encoding="UTF-8"?>
<testng-results skipped="0" failed="0" ignored="0" total="6" passed="6">
  <reporter-output>
  </reporter-output>
  <suite name="Suite" duration-ms="19472" started-at="2019-05-29T04:45:26Z" finished-at="2019-05-29T04:45:45Z">
    <groups>
    </groups>
    <test name="Test" duration-ms="19472" started-at="2019-05-29T04:45:26Z" finished-at="2019-05-29T04:45:45Z">
      <class name="Annotations">
        <test-method status="PASS" signature="Suite()[pri:0, instance:Annotations@2d554825]" name="Suite" is-config="true" duration-ms="52" started-at="2019-05-29T04:45:26Z" finished-at="2019-05-29T04:45:26Z">
          <reporter-output>
          </reporter-output>
        </test-method> <!-- Suite -->
        <test-method status="PASS" signature="Test1()[pri:0, instance:Annotations@2d554825]" name="Test1" is-config="true" duration-ms="1" started-at="2019-05-29T04:45:26Z" finished-at="2019-05-29T04:45:26Z">
          <reporter-output>
          </reporter-output>
        </test-method> <!-- Test1 -->
        <test-method status="PASS" signature="Test2()[pri:0, instance:Annotations@2d554825]" name="Test2" is-config="true" duration-ms="1" started-at="2019-05-29T04:45:45Z" finished-at="2019-05-29T04:45:45Z">
          <reporter-output>
          </reporter-output>
        </test-method> <!-- Test2 -->
        <test-method status="PASS" signature="suite()[pri:0, instance:Annotations@2d554825]" name="suite" is-config="true" duration-ms="1" started-at="2019-05-29T04:45:46Z" finished-at="2019-05-29T04:45:46Z">
          <reporter-output>
          </reporter-output>
        </test-method> <!-- suite -->
      </class> <!-- Annotations -->
      <class name="Logintestcase">
        <test-method status="PASS" signature="launch_browser()[pri:0, instance:Logintestcase@6be46e8f]" name="launch_browser" duration-ms="12713" started-at="2019-05-29T04:45:26Z" finished-at="2019-05-29T04:45:39Z">
          <reporter-output>
          </reporter-output>
        </test-method> <!-- launch_browser -->
        <test-method status="PASS" signature="launch_app()[pri:1, instance:Logintestcase@6be46e8f]" name="launch_app" duration-ms="6656" started-at="2019-05-29T04:45:39Z" finished-at="2019-05-29T04:45:45Z">
          <reporter-output>
          </reporter-output>
        </test-method> <!-- launch_app -->
      </class> <!-- Logintestcase -->
      <class name="prioritization">
        <test-method status="PASS" signature="loginWithInvalidcredentials()[pri:0, instance:prioritization@68837a77]" name="loginWithInvalidcredentials" duration-ms="3" started-at="2019-05-29T04:45:26Z" finished-at="2019-05-29T04:45:26Z">
          <reporter-output>
          </reporter-output>
        </test-method> <!-- loginWithInvalidcredentials -->
        <test-method status="PASS" signature="loginWithvalidcredentials()[pri:0, instance:prioritization@68837a77]" name="loginWithvalidcredentials" duration-ms="1" started-at="2019-05-29T04:45:26Z" finished-at="2019-05-29T04:45:26Z">
          <reporter-output>
          </reporter-output>
        </test-method> <!-- loginWithvalidcredentials -->
        <test-method status="PASS" signature="browserLaunch()[pri:1, instance:prioritization@68837a77]" name="browserLaunch" duration-ms="2" started-at="2019-05-29T04:45:39Z" finished-at="2019-05-29T04:45:39Z">
          <reporter-output>
          </reporter-output>
        </test-method> <!-- browserLaunch -->
        <test-method status="PASS" signature="applicationLaunch()[pri:2, instance:prioritization@68837a77]" name="applicationLaunch" duration-ms="1" started-at="2019-05-29T04:45:45Z" finished-at="2019-05-29T04:45:45Z">
          <reporter-output>
          </reporter-output>
        </test-method> <!-- applicationLaunch -->
      </class> <!-- prioritization -->
    </test> <!-- Test -->
  </suite> <!-- Suite -->
</testng-results>
