<?xml version="1.0" encoding="UTF-8"?>
<testng-results skipped="0" failed="0" ignored="0" total="6" passed="6">
  <reporter-output>
  </reporter-output>
  <suite name="Suite" duration-ms="29808" started-at="2019-05-14T04:03:06Z" finished-at="2019-05-14T04:03:35Z">
    <groups>
    </groups>
    <test name="Test" duration-ms="29808" started-at="2019-05-14T04:03:06Z" finished-at="2019-05-14T04:03:35Z">
      <class name="Annotations">
        <test-method status="PASS" signature="Suite()[pri:0, instance:Annotations@59fa1d9b]" name="Suite" is-config="true" duration-ms="47" started-at="2019-05-14T04:03:06Z" finished-at="2019-05-14T04:03:06Z">
          <reporter-output>
          </reporter-output>
        </test-method> <!-- Suite -->
        <test-method status="PASS" signature="Test1()[pri:0, instance:Annotations@59fa1d9b]" name="Test1" is-config="true" duration-ms="0" started-at="2019-05-14T04:03:06Z" finished-at="2019-05-14T04:03:06Z">
          <reporter-output>
          </reporter-output>
        </test-method> <!-- Test1 -->
        <test-method status="PASS" signature="Test2()[pri:0, instance:Annotations@59fa1d9b]" name="Test2" is-config="true" duration-ms="0" started-at="2019-05-14T04:03:35Z" finished-at="2019-05-14T04:03:35Z">
          <reporter-output>
          </reporter-output>
        </test-method> <!-- Test2 -->
        <test-method status="PASS" signature="suite()[pri:0, instance:Annotations@59fa1d9b]" name="suite" is-config="true" duration-ms="0" started-at="2019-05-14T04:03:36Z" finished-at="2019-05-14T04:03:36Z">
          <reporter-output>
          </reporter-output>
        </test-method> <!-- suite -->
      </class> <!-- Annotations -->
      <class name="Logintestcase">
        <test-method status="PASS" signature="launch_browser()[pri:0, instance:Logintestcase@4501b7af]" name="launch_browser" duration-ms="10288" started-at="2019-05-14T04:03:06Z" finished-at="2019-05-14T04:03:16Z">
          <reporter-output>
          </reporter-output>
        </test-method> <!-- launch_browser -->
        <test-method status="PASS" signature="launch_app()[pri:1, instance:Logintestcase@4501b7af]" name="launch_app" duration-ms="19385" started-at="2019-05-14T04:03:16Z" finished-at="2019-05-14T04:03:35Z">
          <reporter-output>
          </reporter-output>
        </test-method> <!-- launch_app -->
      </class> <!-- Logintestcase -->
      <class name="prioritization">
        <test-method status="PASS" signature="loginWithInvalidcredentials()[pri:0, instance:prioritization@28d25987]" name="loginWithInvalidcredentials" duration-ms="31" started-at="2019-05-14T04:03:06Z" finished-at="2019-05-14T04:03:06Z">
          <reporter-output>
          </reporter-output>
        </test-method> <!-- loginWithInvalidcredentials -->
        <test-method status="PASS" signature="loginWithvalidcredentials()[pri:0, instance:prioritization@28d25987]" name="loginWithvalidcredentials" duration-ms="0" started-at="2019-05-14T04:03:06Z" finished-at="2019-05-14T04:03:06Z">
          <reporter-output>
          </reporter-output>
        </test-method> <!-- loginWithvalidcredentials -->
        <test-method status="PASS" signature="browserLaunch()[pri:1, instance:prioritization@28d25987]" name="browserLaunch" duration-ms="4" started-at="2019-05-14T04:03:16Z" finished-at="2019-05-14T04:03:16Z">
          <reporter-output>
          </reporter-output>
        </test-method> <!-- browserLaunch -->
        <test-method status="PASS" signature="applicationLaunch()[pri:2, instance:prioritization@28d25987]" name="applicationLaunch" duration-ms="4" started-at="2019-05-14T04:03:35Z" finished-at="2019-05-14T04:03:35Z">
          <reporter-output>
          </reporter-output>
        </test-method> <!-- applicationLaunch -->
      </class> <!-- prioritization -->
    </test> <!-- Test -->
  </suite> <!-- Suite -->
</testng-results>
